\BOOKMARK [1][-]{section.0.1}{1\040Introduction:\040Plateau\040languages}{}% 1
\BOOKMARK [1][-]{section.0.2}{2\040Plateau\040languages\040by\040subgroup}{}% 2
\BOOKMARK [2][-]{subsection.0.2.1}{2.1\040Northwest\040Plateau}{section.0.2}% 3
\BOOKMARK [2][-]{subsection.0.2.2}{2.2\040Beromic}{section.0.2}% 4
\BOOKMARK [2][-]{subsection.0.2.3}{2.3\040West-Central}{section.0.2}% 5
\BOOKMARK [3][-]{subsubsection.0.2.3.1}{2.3.1\040General}{subsection.0.2.3}% 6
\BOOKMARK [3][-]{subsubsection.0.2.3.2}{2.3.2\040Rigwe}{subsection.0.2.3}% 7
\BOOKMARK [3][-]{subsubsection.0.2.3.3}{2.3.3\040Tyapic}{subsection.0.2.3}% 8
\BOOKMARK [3][-]{subsubsection.0.2.3.4}{2.3.4\040Izeric}{subsection.0.2.3}% 9
\BOOKMARK [3][-]{subsubsection.0.2.3.5}{2.3.5\040Hyamic}{subsection.0.2.3}% 10
\BOOKMARK [3][-]{subsubsection.0.2.3.6}{2.3.6\040Gyongic}{subsection.0.2.3}% 11
\BOOKMARK [3][-]{subsubsection.0.2.3.7}{2.3.7\040Koro}{subsection.0.2.3}% 12
\BOOKMARK [2][-]{subsection.0.2.4}{2.4\040Ndunic\040\(=Ahwai\)}{section.0.2}% 13
\BOOKMARK [2][-]{subsection.0.2.5}{2.5\040Ninzic}{section.0.2}% 14
\BOOKMARK [2][-]{subsection.0.2.6}{2.6\040Alumic}{section.0.2}% 15
\BOOKMARK [2][-]{subsection.0.2.7}{2.7\040East}{section.0.2}% 16
\BOOKMARK [2][-]{subsection.0.2.8}{2.8\040South}{section.0.2}% 17
\BOOKMARK [3][-]{subsubsection.0.2.8.1}{2.8.1\040General}{subsection.0.2.8}% 18
\BOOKMARK [3][-]{subsubsection.0.2.8.2}{2.8.2\040Jilic}{subsection.0.2.8}% 19
\BOOKMARK [3][-]{subsubsection.0.2.8.3}{2.8.3\040Eggonic}{subsection.0.2.8}% 20
\BOOKMARK [2][-]{subsection.0.2.9}{2.9\040Tarokoid}{section.0.2}% 21
\BOOKMARK [2][-]{subsection.0.2.10}{2.10\040Eloyi}{section.0.2}% 22
\BOOKMARK [1][-]{section.0.3}{3\040Conclusion:\040Plateau\040nominal\040affixing}{}% 23
