\BOOKMARK [1][-]{section.0.1}{1\040Introduction}{}% 1
\BOOKMARK [1][-]{section.0.2}{2\040Multiword\040expression\040typologies}{}% 2
\BOOKMARK [2][-]{subsection.0.2.1}{2.1\040MWE\040taxonomies\040in\040theoretical\040linguistics}{section.0.2}% 3
\BOOKMARK [2][-]{subsection.0.2.2}{2.2\040MWE\040taxonomies\040in\040Natural\040Language\040Processing}{section.0.2}% 4
\BOOKMARK [2][-]{subsection.0.2.3}{2.3\040Spanish\040MWE\040taxonomies}{section.0.2}% 5
\BOOKMARK [1][-]{section.0.3}{3\040MWE\040fixedness\040tests\040for\040Spanish}{}% 6
\BOOKMARK [2][-]{subsection.0.3.1}{3.1\040Inflection}{section.0.3}% 7
\BOOKMARK [2][-]{subsection.0.3.2}{3.2\040Change\040of\040determiner}{section.0.3}% 8
\BOOKMARK [2][-]{subsection.0.3.3}{3.3\040Pronominalisation}{section.0.3}% 9
\BOOKMARK [2][-]{subsection.0.3.4}{3.4\040Topicalization}{section.0.3}% 10
\BOOKMARK [2][-]{subsection.0.3.5}{3.5\040Subordinate\040clauses}{section.0.3}% 11
\BOOKMARK [2][-]{subsection.0.3.6}{3.6\040Passivization}{section.0.3}% 12
\BOOKMARK [2][-]{subsection.0.3.7}{3.7\040Appearance\040of\040other\040elements}{section.0.3}% 13
\BOOKMARK [2][-]{subsection.0.3.8}{3.8\040Ellipsis}{section.0.3}% 14
\BOOKMARK [1][-]{section.0.4}{4\040Creating\040a\040data\040set\040to\040analyze\040Spanish\040MWEs}{}% 15
\BOOKMARK [1][-]{section.0.5}{5\040Our\040Spanish\040MWE\040taxonomy}{}% 16
\BOOKMARK [1][-]{section.0.6}{6\040The\040linguistic\040properties\040of\040Spanish\040MWEs}{}% 17
\BOOKMARK [2][-]{subsection.0.6.1}{6.1\040Adjectival\040expressions}{section.0.6}% 18
\BOOKMARK [3][-]{subsubsection.0.6.1.1}{6.1.1\040Adjectival\040compounds}{subsection.0.6.1}% 19
\BOOKMARK [3][-]{subsubsection.0.6.1.2}{6.1.2\040Adjectival\040phrases}{subsection.0.6.1}% 20
\BOOKMARK [3][-]{subsubsection.0.6.1.3}{6.1.3\040Adjectives\040with\040a\040governed\040prepositional\040phrase}{subsection.0.6.1}% 21
\BOOKMARK [2][-]{subsection.0.6.2}{6.2\040Adverbial\040expressions}{section.0.6}% 22
\BOOKMARK [2][-]{subsection.0.6.3}{6.3\040Conjunctional\040phrases}{section.0.6}% 23
\BOOKMARK [2][-]{subsection.0.6.4}{6.4\040Nominal\040expressions}{section.0.6}% 24
\BOOKMARK [3][-]{subsubsection.0.6.4.1}{6.4.1\040Complex\040nominals}{subsection.0.6.4}% 25
\BOOKMARK [3][-]{subsubsection.0.6.4.2}{6.4.2\040Proper\040names}{subsection.0.6.4}% 26
\BOOKMARK [3][-]{subsubsection.0.6.4.3}{6.4.3\040Nouns\040with\040a\040governed\040prepositional\040phrase}{subsection.0.6.4}% 27
\BOOKMARK [2][-]{subsection.0.6.5}{6.5\040Prepositional\040phrases}{section.0.6}% 28
\BOOKMARK [2][-]{subsection.0.6.6}{6.6\040Verbal\040expressions}{section.0.6}% 29
\BOOKMARK [3][-]{subsubsection.0.6.6.1}{6.6.1\040Light\040verb\040constructions}{subsection.0.6.6}% 30
\BOOKMARK [3][-]{subsubsection.0.6.6.2}{6.6.2\040Periphrastic\040constructions}{subsection.0.6.6}% 31
\BOOKMARK [3][-]{subsubsection.0.6.6.3}{6.6.3\040Verbal\040phrases}{subsection.0.6.6}% 32
\BOOKMARK [3][-]{subsubsection.0.6.6.4}{6.6.4\040Verbs\040with\040a\040governed\040prepositional\040phrase}{subsection.0.6.6}% 33
\BOOKMARK [2][-]{subsection.0.6.7}{6.7\040Sentential\040expressions}{section.0.6}% 34
\BOOKMARK [1][-]{section.0.7}{7\040Conclusion}{}% 35
